<?xml version="1.0" encoding="UTF-8"?>
<testsuite xmlns:xsi="http://www.w3.org/2001/XMLSchema-instance" xsi:noNamespaceSchemaLocation="https://maven.apache.org/surefire/maven-surefire-plugin/xsd/surefire-test-report-3.0.xsd" version="3.0" name="com.udacity.security.service.SecurityServiceTest" time="2.104" tests="22" errors="0" skipped="0" failures="0">
  <properties>
    <property name="java.specification.version" value="16"/>
    <property name="sun.cpu.isalist" value="amd64"/>
    <property name="sun.jnu.encoding" value="Cp1252"/>
    <property name="java.class.path" value="C:\Users\looke\IdeaProjects\udasecurity\security\target\test-classes;C:\Users\looke\.m2\repository\com\google\guava\failureaccess\1.0.1\failureaccess-1.0.1.jar;C:\Users\looke\.m2\repository\com\google\guava\listenablefuture\9999.0-empty-to-avoid-conflict-with-guava\listenablefuture-9999.0-empty-to-avoid-conflict-with-guava.jar;C:\Users\looke\.m2\repository\com\google\code\findbugs\jsr305\3.0.2\jsr305-3.0.2.jar;C:\Users\looke\.m2\repository\org\checkerframework\checker-qual\3.8.0\checker-qual-3.8.0.jar;C:\Users\looke\.m2\repository\com\google\errorprone\error_prone_annotations\2.5.1\error_prone_annotations-2.5.1.jar;C:\Users\looke\.m2\repository\com\google\j2objc\j2objc-annotations\1.3\j2objc-annotations-1.3.jar;C:\Users\looke\.m2\repository\software\amazon\awssdk\annotations\2.17.37\annotations-2.17.37.jar;C:\Users\looke\.m2\repository\software\amazon\awssdk\utils\2.17.37\utils-2.17.37.jar;C:\Users\looke\.m2\repository\org\reactivestreams\reactive-streams\1.0.3\reactive-streams-1.0.3.jar;C:\Users\looke\.m2\repository\software\amazon\awssdk\profiles\2.17.37\profiles-2.17.37.jar;C:\Users\looke\.m2\repository\software\amazon\awssdk\http-client-spi\2.17.37\http-client-spi-2.17.37.jar;C:\Users\looke\.m2\repository\software\amazon\awssdk\json-utils\2.17.37\json-utils-2.17.37.jar;C:\Users\looke\.m2\repository\software\amazon\awssdk\third-party-jackson-core\2.17.37\third-party-jackson-core-2.17.37.jar;C:\Users\looke\.m2\repository\software\amazon\eventstream\eventstream\1.0.1\eventstream-1.0.1.jar;C:\Users\looke\.m2\repository\software\amazon\awssdk\aws-json-protocol\2.17.37\aws-json-protocol-2.17.37.jar;C:\Users\looke\.m2\repository\software\amazon\awssdk\protocol-core\2.17.37\protocol-core-2.17.37.jar;C:\Users\looke\.m2\repository\software\amazon\awssdk\aws-core\2.17.37\aws-core-2.17.37.jar;C:\Users\looke\.m2\repository\software\amazon\awssdk\metrics-spi\2.17.37\metrics-spi-2.17.37.jar;C:\Users\looke\.m2\repository\software\amazon\awssdk\apache-client\2.17.37\apache-client-2.17.37.jar;C:\Users\looke\.m2\repository\org\apache\httpcomponents\httpclient\4.5.13\httpclient-4.5.13.jar;C:\Users\looke\.m2\repository\commons-logging\commons-logging\1.2\commons-logging-1.2.jar;C:\Users\looke\.m2\repository\commons-codec\commons-codec\1.11\commons-codec-1.11.jar;C:\Users\looke\.m2\repository\org\apache\httpcomponents\httpcore\4.4.11\httpcore-4.4.11.jar;C:\Users\looke\.m2\repository\software\amazon\awssdk\netty-nio-client\2.17.37\netty-nio-client-2.17.37.jar;C:\Users\looke\.m2\repository\io\netty\netty-codec-http\4.1.66.Final\netty-codec-http-4.1.66.Final.jar;C:\Users\looke\.m2\repository\io\netty\netty-codec-http2\4.1.66.Final\netty-codec-http2-4.1.66.Final.jar;C:\Users\looke\.m2\repository\io\netty\netty-codec\4.1.66.Final\netty-codec-4.1.66.Final.jar;C:\Users\looke\.m2\repository\io\netty\netty-transport\4.1.66.Final\netty-transport-4.1.66.Final.jar;C:\Users\looke\.m2\repository\io\netty\netty-resolver\4.1.66.Final\netty-resolver-4.1.66.Final.jar;C:\Users\looke\.m2\repository\io\netty\netty-common\4.1.66.Final\netty-common-4.1.66.Final.jar;C:\Users\looke\.m2\repository\io\netty\netty-buffer\4.1.66.Final\netty-buffer-4.1.66.Final.jar;C:\Users\looke\.m2\repository\io\netty\netty-handler\4.1.66.Final\netty-handler-4.1.66.Final.jar;C:\Users\looke\.m2\repository\io\netty\netty-transport-native-epoll\4.1.66.Final\netty-transport-native-epoll-4.1.66.Final-linux-x86_64.jar;C:\Users\looke\.m2\repository\io\netty\netty-transport-native-unix-common\4.1.66.Final\netty-transport-native-unix-common-4.1.66.Final.jar;C:\Users\looke\.m2\repository\com\typesafe\netty\netty-reactive-streams-http\2.0.5\netty-reactive-streams-http-2.0.5.jar;C:\Users\looke\.m2\repository\com\typesafe\netty\netty-reactive-streams\2.0.5\netty-reactive-streams-2.0.5.jar;C:\Users\looke\.m2\repository\org\junit\jupiter\junit-jupiter-params\5.7.0\junit-jupiter-params-5.7.0.jar;C:\Users\looke\.m2\repository\org\apiguardian\apiguardian-api\1.1.0\apiguardian-api-1.1.0.jar;C:\Users\looke\.m2\repository\org\junit\jupiter\junit-jupiter-api\5.7.0\junit-jupiter-api-5.7.0.jar;C:\Users\looke\.m2\repository\org\opentest4j\opentest4j\1.2.0\opentest4j-1.2.0.jar;C:\Users\looke\.m2\repository\org\junit\platform\junit-platform-commons\1.7.0\junit-platform-commons-1.7.0.jar;C:\Users\looke\.m2\repository\org\mockito\mockito-inline\3.11.2\mockito-inline-3.11.2.jar;C:\Users\looke\.m2\repository\org\mockito\mockito-core\3.11.2\mockito-core-3.11.2.jar;C:\Users\looke\.m2\repository\net\bytebuddy\byte-buddy\1.11.3\byte-buddy-1.11.3.jar;C:\Users\looke\.m2\repository\net\bytebuddy\byte-buddy-agent\1.11.3\byte-buddy-agent-1.11.3.jar;C:\Users\looke\.m2\repository\org\objenesis\objenesis\3.2\objenesis-3.2.jar;C:\Users\looke\.m2\repository\org\mockito\mockito-junit-jupiter\3.12.4\mockito-junit-jupiter-3.12.4.jar;"/>
    <property name="java.vm.vendor" value="Oracle Corporation"/>
    <property name="sun.arch.data.model" value="64"/>
    <property name="user.variant" value=""/>
    <property name="java.vendor.url" value="https://java.oracle.com/"/>
    <property name="user.timezone" value="Europe/London"/>
    <property name="os.name" value="Windows 10"/>
    <property name="java.vm.specification.version" value="16"/>
    <property name="sun.java.launcher" value="SUN_STANDARD"/>
    <property name="user.country" value="GB"/>
    <property name="sun.boot.library.path" value="C:\Program Files\Java\jdk-16.0.2\bin"/>
    <property name="sun.java.command" value="org.apache.maven.surefire.booter.ForkedBooter C:\Users\looke\AppData\Local\Temp\surefire6732582829584514196 2021-09-13T21-03-13_916-jvmRun1 surefire15960593939494355567tmp surefire_013863086521099521518tmp"/>
    <property name="jdk.debug" value="release"/>
    <property name="surefire.test.class.path" value="C:\Users\looke\IdeaProjects\udasecurity\security\target\test-classes;C:\Users\looke\.m2\repository\com\google\guava\failureaccess\1.0.1\failureaccess-1.0.1.jar;C:\Users\looke\.m2\repository\com\google\guava\listenablefuture\9999.0-empty-to-avoid-conflict-with-guava\listenablefuture-9999.0-empty-to-avoid-conflict-with-guava.jar;C:\Users\looke\.m2\repository\com\google\code\findbugs\jsr305\3.0.2\jsr305-3.0.2.jar;C:\Users\looke\.m2\repository\org\checkerframework\checker-qual\3.8.0\checker-qual-3.8.0.jar;C:\Users\looke\.m2\repository\com\google\errorprone\error_prone_annotations\2.5.1\error_prone_annotations-2.5.1.jar;C:\Users\looke\.m2\repository\com\google\j2objc\j2objc-annotations\1.3\j2objc-annotations-1.3.jar;C:\Users\looke\.m2\repository\software\amazon\awssdk\annotations\2.17.37\annotations-2.17.37.jar;C:\Users\looke\.m2\repository\software\amazon\awssdk\utils\2.17.37\utils-2.17.37.jar;C:\Users\looke\.m2\repository\org\reactivestreams\reactive-streams\1.0.3\reactive-streams-1.0.3.jar;C:\Users\looke\.m2\repository\software\amazon\awssdk\profiles\2.17.37\profiles-2.17.37.jar;C:\Users\looke\.m2\repository\software\amazon\awssdk\http-client-spi\2.17.37\http-client-spi-2.17.37.jar;C:\Users\looke\.m2\repository\software\amazon\awssdk\json-utils\2.17.37\json-utils-2.17.37.jar;C:\Users\looke\.m2\repository\software\amazon\awssdk\third-party-jackson-core\2.17.37\third-party-jackson-core-2.17.37.jar;C:\Users\looke\.m2\repository\software\amazon\eventstream\eventstream\1.0.1\eventstream-1.0.1.jar;C:\Users\looke\.m2\repository\software\amazon\awssdk\aws-json-protocol\2.17.37\aws-json-protocol-2.17.37.jar;C:\Users\looke\.m2\repository\software\amazon\awssdk\protocol-core\2.17.37\protocol-core-2.17.37.jar;C:\Users\looke\.m2\repository\software\amazon\awssdk\aws-core\2.17.37\aws-core-2.17.37.jar;C:\Users\looke\.m2\repository\software\amazon\awssdk\metrics-spi\2.17.37\metrics-spi-2.17.37.jar;C:\Users\looke\.m2\repository\software\amazon\awssdk\apache-client\2.17.37\apache-client-2.17.37.jar;C:\Users\looke\.m2\repository\org\apache\httpcomponents\httpclient\4.5.13\httpclient-4.5.13.jar;C:\Users\looke\.m2\repository\commons-logging\commons-logging\1.2\commons-logging-1.2.jar;C:\Users\looke\.m2\repository\commons-codec\commons-codec\1.11\commons-codec-1.11.jar;C:\Users\looke\.m2\repository\org\apache\httpcomponents\httpcore\4.4.11\httpcore-4.4.11.jar;C:\Users\looke\.m2\repository\software\amazon\awssdk\netty-nio-client\2.17.37\netty-nio-client-2.17.37.jar;C:\Users\looke\.m2\repository\io\netty\netty-codec-http\4.1.66.Final\netty-codec-http-4.1.66.Final.jar;C:\Users\looke\.m2\repository\io\netty\netty-codec-http2\4.1.66.Final\netty-codec-http2-4.1.66.Final.jar;C:\Users\looke\.m2\repository\io\netty\netty-codec\4.1.66.Final\netty-codec-4.1.66.Final.jar;C:\Users\looke\.m2\repository\io\netty\netty-transport\4.1.66.Final\netty-transport-4.1.66.Final.jar;C:\Users\looke\.m2\repository\io\netty\netty-resolver\4.1.66.Final\netty-resolver-4.1.66.Final.jar;C:\Users\looke\.m2\repository\io\netty\netty-common\4.1.66.Final\netty-common-4.1.66.Final.jar;C:\Users\looke\.m2\repository\io\netty\netty-buffer\4.1.66.Final\netty-buffer-4.1.66.Final.jar;C:\Users\looke\.m2\repository\io\netty\netty-handler\4.1.66.Final\netty-handler-4.1.66.Final.jar;C:\Users\looke\.m2\repository\io\netty\netty-transport-native-epoll\4.1.66.Final\netty-transport-native-epoll-4.1.66.Final-linux-x86_64.jar;C:\Users\looke\.m2\repository\io\netty\netty-transport-native-unix-common\4.1.66.Final\netty-transport-native-unix-common-4.1.66.Final.jar;C:\Users\looke\.m2\repository\com\typesafe\netty\netty-reactive-streams-http\2.0.5\netty-reactive-streams-http-2.0.5.jar;C:\Users\looke\.m2\repository\com\typesafe\netty\netty-reactive-streams\2.0.5\netty-reactive-streams-2.0.5.jar;C:\Users\looke\.m2\repository\org\junit\jupiter\junit-jupiter-params\5.7.0\junit-jupiter-params-5.7.0.jar;C:\Users\looke\.m2\repository\org\apiguardian\apiguardian-api\1.1.0\apiguardian-api-1.1.0.jar;C:\Users\looke\.m2\repository\org\junit\jupiter\junit-jupiter-api\5.7.0\junit-jupiter-api-5.7.0.jar;C:\Users\looke\.m2\repository\org\opentest4j\opentest4j\1.2.0\opentest4j-1.2.0.jar;C:\Users\looke\.m2\repository\org\junit\platform\junit-platform-commons\1.7.0\junit-platform-commons-1.7.0.jar;C:\Users\looke\.m2\repository\org\mockito\mockito-inline\3.11.2\mockito-inline-3.11.2.jar;C:\Users\looke\.m2\repository\org\mockito\mockito-core\3.11.2\mockito-core-3.11.2.jar;C:\Users\looke\.m2\repository\net\bytebuddy\byte-buddy\1.11.3\byte-buddy-1.11.3.jar;C:\Users\looke\.m2\repository\net\bytebuddy\byte-buddy-agent\1.11.3\byte-buddy-agent-1.11.3.jar;C:\Users\looke\.m2\repository\org\objenesis\objenesis\3.2\objenesis-3.2.jar;C:\Users\looke\.m2\repository\org\mockito\mockito-junit-jupiter\3.12.4\mockito-junit-jupiter-3.12.4.jar;"/>
    <property name="sun.cpu.endian" value="little"/>
    <property name="user.home" value="C:\Users\looke"/>
    <property name="user.language" value="en"/>
    <property name="java.specification.vendor" value="Oracle Corporation"/>
    <property name="jdk.module.path" value="C:\Users\looke\IdeaProjects\udasecurity\security\target\classes;C:\Users\looke\.m2\repository\com\miglayout\miglayout\3.7.4\miglayout-3.7.4.jar;C:\Users\looke\.m2\repository\com\google\code\gson\gson\2.8.6\gson-2.8.6.jar;C:\Users\looke\.m2\repository\com\google\guava\guava\30.1.1-jre\guava-30.1.1-jre.jar;C:\Users\looke\.m2\repository\org\slf4j\slf4j-api\1.7.30\slf4j-api-1.7.30.jar;C:\Users\looke\.m2\repository\com\udacity\catpoint\image\1.0-SNAPSHOT\image-1.0-SNAPSHOT.jar;C:\Users\looke\.m2\repository\software\amazon\awssdk\auth\2.17.37\auth-2.17.37.jar;C:\Users\looke\.m2\repository\software\amazon\awssdk\sdk-core\2.17.37\sdk-core-2.17.37.jar;C:\Users\looke\.m2\repository\software\amazon\awssdk\regions\2.17.37\regions-2.17.37.jar;C:\Users\looke\.m2\repository\software\amazon\awssdk\rekognition\2.17.37\rekognition-2.17.37.jar"/>
    <property name="java.version.date" value="2021-07-20"/>
    <property name="java.home" value="C:\Program Files\Java\jdk-16.0.2"/>
    <property name="file.separator" value="\"/>
    <property name="basedir" value="C:\Users\looke\IdeaProjects\udasecurity\security"/>
    <property name="java.vm.compressedOopsMode" value="32-bit"/>
    <property name="line.separator" value="&#10;"/>
    <property name="java.vm.specification.vendor" value="Oracle Corporation"/>
    <property name="java.specification.name" value="Java Platform API Specification"/>
    <property name="surefire.real.class.path" value="C:\Users\looke\.m2\repository\org\apache\maven\surefire\surefire-booter\3.0.0-M5\surefire-booter-3.0.0-M5.jar;C:\Users\looke\.m2\repository\org\apache\maven\surefire\surefire-api\3.0.0-M5\surefire-api-3.0.0-M5.jar;C:\Users\looke\.m2\repository\org\apache\maven\surefire\surefire-logger-api\3.0.0-M5\surefire-logger-api-3.0.0-M5.jar;C:\Users\looke\.m2\repository\org\apache\maven\surefire\surefire-shared-utils\3.0.0-M4\surefire-shared-utils-3.0.0-M4.jar;C:\Users\looke\.m2\repository\org\apache\maven\surefire\surefire-extensions-spi\3.0.0-M5\surefire-extensions-spi-3.0.0-M5.jar;C:\Users\looke\IdeaProjects\udasecurity\security\target\test-classes;C:\Users\looke\.m2\repository\com\google\guava\failureaccess\1.0.1\failureaccess-1.0.1.jar;C:\Users\looke\.m2\repository\com\google\guava\listenablefuture\9999.0-empty-to-avoid-conflict-with-guava\listenablefuture-9999.0-empty-to-avoid-conflict-with-guava.jar;C:\Users\looke\.m2\repository\com\google\code\findbugs\jsr305\3.0.2\jsr305-3.0.2.jar;C:\Users\looke\.m2\repository\org\checkerframework\checker-qual\3.8.0\checker-qual-3.8.0.jar;C:\Users\looke\.m2\repository\com\google\errorprone\error_prone_annotations\2.5.1\error_prone_annotations-2.5.1.jar;C:\Users\looke\.m2\repository\com\google\j2objc\j2objc-annotations\1.3\j2objc-annotations-1.3.jar;C:\Users\looke\.m2\repository\software\amazon\awssdk\annotations\2.17.37\annotations-2.17.37.jar;C:\Users\looke\.m2\repository\software\amazon\awssdk\utils\2.17.37\utils-2.17.37.jar;C:\Users\looke\.m2\repository\org\reactivestreams\reactive-streams\1.0.3\reactive-streams-1.0.3.jar;C:\Users\looke\.m2\repository\software\amazon\awssdk\profiles\2.17.37\profiles-2.17.37.jar;C:\Users\looke\.m2\repository\software\amazon\awssdk\http-client-spi\2.17.37\http-client-spi-2.17.37.jar;C:\Users\looke\.m2\repository\software\amazon\awssdk\json-utils\2.17.37\json-utils-2.17.37.jar;C:\Users\looke\.m2\repository\software\amazon\awssdk\third-party-jackson-core\2.17.37\third-party-jackson-core-2.17.37.jar;C:\Users\looke\.m2\repository\software\amazon\eventstream\eventstream\1.0.1\eventstream-1.0.1.jar;C:\Users\looke\.m2\repository\software\amazon\awssdk\aws-json-protocol\2.17.37\aws-json-protocol-2.17.37.jar;C:\Users\looke\.m2\repository\software\amazon\awssdk\protocol-core\2.17.37\protocol-core-2.17.37.jar;C:\Users\looke\.m2\repository\software\amazon\awssdk\aws-core\2.17.37\aws-core-2.17.37.jar;C:\Users\looke\.m2\repository\software\amazon\awssdk\metrics-spi\2.17.37\metrics-spi-2.17.37.jar;C:\Users\looke\.m2\repository\software\amazon\awssdk\apache-client\2.17.37\apache-client-2.17.37.jar;C:\Users\looke\.m2\repository\org\apache\httpcomponents\httpclient\4.5.13\httpclient-4.5.13.jar;C:\Users\looke\.m2\repository\commons-logging\commons-logging\1.2\commons-logging-1.2.jar;C:\Users\looke\.m2\repository\commons-codec\commons-codec\1.11\commons-codec-1.11.jar;C:\Users\looke\.m2\repository\org\apache\httpcomponents\httpcore\4.4.11\httpcore-4.4.11.jar;C:\Users\looke\.m2\repository\software\amazon\awssdk\netty-nio-client\2.17.37\netty-nio-client-2.17.37.jar;C:\Users\looke\.m2\repository\io\netty\netty-codec-http\4.1.66.Final\netty-codec-http-4.1.66.Final.jar;C:\Users\looke\.m2\repository\io\netty\netty-codec-http2\4.1.66.Final\netty-codec-http2-4.1.66.Final.jar;C:\Users\looke\.m2\repository\io\netty\netty-codec\4.1.66.Final\netty-codec-4.1.66.Final.jar;C:\Users\looke\.m2\repository\io\netty\netty-transport\4.1.66.Final\netty-transport-4.1.66.Final.jar;C:\Users\looke\.m2\repository\io\netty\netty-resolver\4.1.66.Final\netty-resolver-4.1.66.Final.jar;C:\Users\looke\.m2\repository\io\netty\netty-common\4.1.66.Final\netty-common-4.1.66.Final.jar;C:\Users\looke\.m2\repository\io\netty\netty-buffer\4.1.66.Final\netty-buffer-4.1.66.Final.jar;C:\Users\looke\.m2\repository\io\netty\netty-handler\4.1.66.Final\netty-handler-4.1.66.Final.jar;C:\Users\looke\.m2\repository\io\netty\netty-transport-native-epoll\4.1.66.Final\netty-transport-native-epoll-4.1.66.Final-linux-x86_64.jar;C:\Users\looke\.m2\repository\io\netty\netty-transport-native-unix-common\4.1.66.Final\netty-transport-native-unix-common-4.1.66.Final.jar;C:\Users\looke\.m2\repository\com\typesafe\netty\netty-reactive-streams-http\2.0.5\netty-reactive-streams-http-2.0.5.jar;C:\Users\looke\.m2\repository\com\typesafe\netty\netty-reactive-streams\2.0.5\netty-reactive-streams-2.0.5.jar;C:\Users\looke\.m2\repository\org\junit\jupiter\junit-jupiter-params\5.7.0\junit-jupiter-params-5.7.0.jar;C:\Users\looke\.m2\repository\org\apiguardian\apiguardian-api\1.1.0\apiguardian-api-1.1.0.jar;C:\Users\looke\.m2\repository\org\junit\jupiter\junit-jupiter-api\5.7.0\junit-jupiter-api-5.7.0.jar;C:\Users\looke\.m2\repository\org\opentest4j\opentest4j\1.2.0\opentest4j-1.2.0.jar;C:\Users\looke\.m2\repository\org\junit\platform\junit-platform-commons\1.7.0\junit-platform-commons-1.7.0.jar;C:\Users\looke\.m2\repository\org\mockito\mockito-inline\3.11.2\mockito-inline-3.11.2.jar;C:\Users\looke\.m2\repository\org\mockito\mockito-core\3.11.2\mockito-core-3.11.2.jar;C:\Users\looke\.m2\repository\net\bytebuddy\byte-buddy\1.11.3\byte-buddy-1.11.3.jar;C:\Users\looke\.m2\repository\net\bytebuddy\byte-buddy-agent\1.11.3\byte-buddy-agent-1.11.3.jar;C:\Users\looke\.m2\repository\org\objenesis\objenesis\3.2\objenesis-3.2.jar;C:\Users\looke\.m2\repository\org\mockito\mockito-junit-jupiter\3.12.4\mockito-junit-jupiter-3.12.4.jar;C:\Users\looke\.m2\repository\org\apache\maven\surefire\surefire-junit-platform\3.0.0-M5\surefire-junit-platform-3.0.0-M5.jar;C:\Users\looke\.m2\repository\org\apache\maven\surefire\common-java5\3.0.0-M5\common-java5-3.0.0-M5.jar;C:\Users\looke\.m2\repository\org\junit\platform\junit-platform-launcher\1.7.0\junit-platform-launcher-1.7.0.jar;C:\Users\looke\.m2\repository\org\junit\platform\junit-platform-engine\1.7.0\junit-platform-engine-1.7.0.jar;C:\Users\looke\.m2\repository\org\junit\jupiter\junit-jupiter-engine\5.7.0\junit-jupiter-engine-5.7.0.jar"/>
    <property name="user.script" value=""/>
    <property name="sun.management.compiler" value="HotSpot 64-Bit Tiered Compilers"/>
    <property name="java.runtime.version" value="16.0.2+7-67"/>
    <property name="user.name" value="looke"/>
    <property name="path.separator" value=";"/>
    <property name="os.version" value="10.0"/>
    <property name="java.runtime.name" value="Java(TM) SE Runtime Environment"/>
    <property name="file.encoding" value="Cp1252"/>
    <property name="java.vm.name" value="Java HotSpot(TM) 64-Bit Server VM"/>
    <property name="localRepository" value="C:\Users\looke\.m2\repository"/>
    <property name="java.vendor.url.bug" value="https://bugreport.java.com/bugreport/"/>
    <property name="java.io.tmpdir" value="C:\Users\looke\AppData\Local\Temp\"/>
    <property name="idea.version" value="2021.2"/>
    <property name="java.version" value="16.0.2"/>
    <property name="user.dir" value="C:\Users\looke\IdeaProjects\udasecurity\security"/>
    <property name="os.arch" value="amd64"/>
    <property name="java.vm.specification.name" value="Java Virtual Machine Specification"/>
    <property name="sun.os.patch.level" value=""/>
    <property name="java.library.path" value="C:\Program Files\Java\jdk-16.0.2\bin;C:\windows\Sun\Java\bin;C:\windows\system32;C:\windows;C:\Program Files\Common Files\Oracle\Java\javapath;C:\Program Files (x86)\Common Files\Oracle\Java\javapath;C:\windows\system32;C:\windows;C:\windows\System32\Wbem;C:\windows\System32\WindowsPowerShell\v1.0\;C:\windows\System32\OpenSSH\;C:\Program Files (x86)\NVIDIA Corporation\PhysX\Common;C:\Program Files\NVIDIA Corporation\NVIDIA NvDLISR;C:\Program Files\Java\jdk1.8.0_291;C:\Program Files\Git\cmd;C:\Program Files\PostgreSQL\13\bin;C:\Maven\apache-maven-3.8.2-bin\apache-maven-3.8.2\bin;C:\Program Files\Java\jdk-16.0.2\bin;C:\Users\looke\AppData\Local\Microsoft\WindowsApps;C:\Users\looke\AppData\Local\Programs\Microsoft VS Code\bin;C:\Users\looke\AppData\Local\GitHubDesktop\bin;C:\Program Files\heroku\bin;C:\Maven\apache-maven-3.8.2-bin\apache-maven-3.8.2\bin;;."/>
    <property name="java.vm.info" value="mixed mode"/>
    <property name="java.vendor" value="Oracle Corporation"/>
    <property name="java.vm.version" value="16.0.2+7-67"/>
    <property name="sun.io.unicode.encoding" value="UnicodeLittle"/>
    <property name="java.class.version" value="60.0"/>
  </properties>
  <testcase name="changeAlarmState_ifCatFoundWhileSystemIsArmed_changeStatusToAlarm" classname="com.udacity.security.service.SecurityServiceTest" time="1.704"/>
  <testcase name="changeAlarmStatus_ifAlarmAndSensorActivate_setAlarmStatusPending" classname="com.udacity.security.service.SecurityServiceTest" time="0.013"/>
  <testcase name="changeSensorState_ifSystemArmed_setToInactive(ArmingStatus)[1]" classname="com.udacity.security.service.SecurityServiceTest" time="0.06"/>
  <testcase name="changeSensorState_ifSystemArmed_setToInactive(ArmingStatus)[2]" classname="com.udacity.security.service.SecurityServiceTest" time="0.015"/>
  <testcase name="changeAlarmStatus_ifSystemDisarm_setStatusNoAlarm" classname="com.udacity.security.service.SecurityServiceTest" time="0.006"/>
  <testcase name="changeAlarmStatus_CatNotFound_changeStatusToNoAlarm" classname="com.udacity.security.service.SecurityServiceTest" time="0.009"/>
  <testcase name="addAndRemoveSensor" classname="com.udacity.security.service.SecurityServiceTest" time="0.005"/>
  <testcase name="changeAlarmStatus_ifAlarmAndSensorActivateAndPendingAlarm_setAlarmStatusAlarmed" classname="com.udacity.security.service.SecurityServiceTest" time="0.005"/>
  <testcase name="addAndRemoveStatusListener" classname="com.udacity.security.service.SecurityServiceTest" time="0.004"/>
  <testcase name="changeAlarmStatus_ifSystemDisarmAndAlarmOn_setStatusToPending" classname="com.udacity.security.service.SecurityServiceTest" time="0.008"/>
  <testcase name="ifAlarmPendingAndSensorsInactive_returnNoAlarmState" classname="com.udacity.security.service.SecurityServiceTest" time="0.008"/>
  <testcase name="changeSensorState_ifSystemDisarmAndSensorOn_armingStateSame(AlarmStatus)[1]" classname="com.udacity.security.service.SecurityServiceTest" time="0.006"/>
  <testcase name="changeSensorState_ifSystemDisarmAndSensorOn_armingStateSame(AlarmStatus)[2]" classname="com.udacity.security.service.SecurityServiceTest" time="0.009"/>
  <testcase name="ifAlarmActiveAndChangeSensor_AlarmStateNotAffected(boolean)[1]" classname="com.udacity.security.service.SecurityServiceTest" time="0.01"/>
  <testcase name="ifAlarmActiveAndChangeSensor_AlarmStateNotAffected(boolean)[2]" classname="com.udacity.security.service.SecurityServiceTest" time="0.006"/>
  <testcase name="checkSensorState_ifSensorDeactivatedWhileInactive_AlarmStateNoChange(AlarmStatus)[1]" classname="com.udacity.security.service.SecurityServiceTest" time="0.006"/>
  <testcase name="checkSensorState_ifSensorDeactivatedWhileInactive_AlarmStateNoChange(AlarmStatus)[2]" classname="com.udacity.security.service.SecurityServiceTest" time="0.004"/>
  <testcase name="checkSensorState_ifSensorDeactivatedWhileInactive_AlarmStateNoChange(AlarmStatus)[3]" classname="com.udacity.security.service.SecurityServiceTest" time="0.006"/>
  <testcase name="changeArmingStatus(ArmingStatus)[1]" classname="com.udacity.security.service.SecurityServiceTest" time="0.003"/>
  <testcase name="changeArmingStatus(ArmingStatus)[2]" classname="com.udacity.security.service.SecurityServiceTest" time="0.004"/>
  <testcase name="changeAlarmState_ifSensorActivateWhenActiveAndSystemPending_setToAlarmState" classname="com.udacity.security.service.SecurityServiceTest" time="0.009"/>
  <testcase name="changeAlarmStatus_ifSystemArmedWhileCatFound_setStatusToAlarm" classname="com.udacity.security.service.SecurityServiceTest" time="0.007"/>
</testsuite>